crashlytics/build/outputs/logs/manifest-merger-release-report.txt
-- Merging decision tree log ---
manifest
ADDED from IndividualCar (16)/crashlytics/AndroidManifest.xml:2:1-6:12
INJECTED from IndividualCar (16)/crashlytics/AndroidManifest.xml:2:1-6:12
INJECTED from IndividualCar (16)/crashlytics/AndroidManifest.xml:2:1-6:12
	package
		ADDED from IndividualCar (16)/crashlytics/AndroidManifest.xml:2:70-115
		INJECTED from IndividualCar (16)/crashlytics/AndroidManifest.xml
		INJECTED from IndividualCar (16)/crashlytics/AndroidManifest.xml
	xmlns:android
		ADDED from IndividualCar (16)/crashlytics/AndroidManifest.xml:2:11-69
application
ADDED from IndividualCar (16)/crashlytics/AndroidManifest.xml:3:3-4:17
uses-permission#android.permission.INTERNET
ADDED from IndividualCar (16)/crashlytics/AndroidManifest.xml:5:3-65
	android:name
		ADDED from IndividualCar (16)/crashlytics/AndroidManifest.xml:5:20-62
uses-sdk
INJECTED from IndividualCar (16)/crashlytics/AndroidManifest.xml reason: use-sdk injection requested
INJECTED from IndividualCar (16)/crashlytics/AndroidManifest.xml
INJECTED from IndividualCar (16)/crashlytics/AndroidManifest.xml
	android:targetSdkVersion
		INJECTED from IndividualCar (16)/crashlytics/AndroidManifest.xml
		ADDED from IndividualCar (16)/crashlytics/AndroidManifest.xml
		INJECTED from IndividualCar (16)/crashlytics/AndroidManifest.xml